<?xml version="1.0" encoding="UTF-8"?>
<!-- Generated by org.testng.reporters.JUnitXMLReporter -->
<testsuite hostname="Shanika-PC" ignored="0" tests="4" failures="0" timestamp="01 Aug 2018 13:34:46 GMT" time="0.353" errors="0">
  <testcase name="editPetByPetNameTest" time="0.141" classname="TestAnnotations"/>
  <testcase name="savePetDataTest" time="0.022" classname="TestAnnotations"/>
  <testcase name="searchPetByNameTest" time="0.001" classname="TestAnnotations"/>
  <testcase name="searchPetByOwnerTest" time="0.0" classname="TestAnnotations"/>
</testsuite>
