<?xml version="1.0" encoding="UTF-8"?>
<testng-results skipped="0" failed="0" ignored="0" total="4" passed="4">
  <reporter-output>
  </reporter-output>
  <suite name="TestAnnotations" duration-ms="353" started-at="2018-08-01T13:34:45Z" finished-at="2018-08-01T13:34:46Z">
    <groups>
    </groups>
    <test name="Command line test" duration-ms="353" started-at="2018-08-01T13:34:45Z" finished-at="2018-08-01T13:34:46Z">
      <class name="TestAnnotations">
        <test-method status="PASS" signature="init()[pri:0, instance:TestAnnotations@2752f6e2]" name="init" is-config="true" duration-ms="174" started-at="2018-08-01T19:04:45Z" finished-at="2018-08-01T19:04:46Z">
          <reporter-output>
          </reporter-output>
        </test-method> <!-- init -->
        <test-method status="PASS" signature="editPetByPetNameTest()[pri:0, instance:TestAnnotations@2752f6e2]" name="editPetByPetNameTest" duration-ms="141" started-at="2018-08-01T19:04:46Z" finished-at="2018-08-01T19:04:46Z">
          <reporter-output>
          </reporter-output>
        </test-method> <!-- editPetByPetNameTest -->
        <test-method status="PASS" signature="savePetDataTest()[pri:0, instance:TestAnnotations@2752f6e2]" name="savePetDataTest" duration-ms="22" started-at="2018-08-01T19:04:46Z" finished-at="2018-08-01T19:04:46Z">
          <reporter-output>
          </reporter-output>
        </test-method> <!-- savePetDataTest -->
        <test-method status="PASS" signature="searchPetByNameTest()[pri:0, instance:TestAnnotations@2752f6e2]" name="searchPetByNameTest" duration-ms="1" started-at="2018-08-01T19:04:46Z" finished-at="2018-08-01T19:04:46Z">
          <reporter-output>
          </reporter-output>
        </test-method> <!-- searchPetByNameTest -->
        <test-method status="PASS" signature="searchPetByOwnerTest()[pri:0, instance:TestAnnotations@2752f6e2]" name="searchPetByOwnerTest" duration-ms="0" started-at="2018-08-01T19:04:46Z" finished-at="2018-08-01T19:04:46Z">
          <reporter-output>
          </reporter-output>
        </test-method> <!-- searchPetByOwnerTest -->
      </class> <!-- TestAnnotations -->
    </test> <!-- Command line test -->
  </suite> <!-- TestAnnotations -->
</testng-results>
